[dotenv@17.2.3] injecting env (5) from .env -- tip: ⚙️  suppress all logs with { quiet: true }
MongoDB Connected
Server running on port 5000
[Route] GET /mentors
[getMentors] Request received
[getMentors] Querying database with filter: { role: 'mentor', 'mentorProfile.verification.isVerified': true }
[getMentors] Found 18 mentors, total: 18
[getMentors] Sending response
[Route] GET /mentors
[getMentors] Request received
[getMentors] Querying database with filter: { role: 'mentor', 'mentorProfile.verification.isVerified': true }
[getMentors] Found 18 mentors, total: 18
[getMentors] Sending response
[Route] GET /mentors
[getMentors] Request received
[getMentors] Querying database with filter: { role: 'mentor', 'mentorProfile.verification.isVerified': true }
[getMentors] Found 18 mentors, total: 18
[getMentors] Sending response
[Route] GET /mentors
[getMentors] Request received
[getMentors] Querying database with filter: { role: 'mentor', 'mentorProfile.verification.isVerified': true }
[getMentors] Found 18 mentors, total: 18
[getMentors] Sending response
[Route] GET /mentors
[getMentors] Request received
[getMentors] Querying database with filter: { role: 'mentor', 'mentorProfile.verification.isVerified': true }
[getMentors] Found 18 mentors, total: 18
[getMentors] Sending response
[Route] GET /mentors
[getMentors] Request received
[getMentors] Querying database with filter: { role: 'mentor', 'mentorProfile.verification.isVerified': true }
[getMentors] Found 18 mentors, total: 18
[getMentors] Sending response
[Route] GET /mentors
[getMentors] Request received
[getMentors] Querying database with filter: { role: 'mentor', 'mentorProfile.verification.isVerified': true }
[getMentors] Found 18 mentors, total: 18
[getMentors] Sending response
[Route] GET /mentors
[getMentors] Request received
[getMentors] Querying database with filter: { role: 'mentor', 'mentorProfile.verification.isVerified': true }
[getMentors] Found 18 mentors, total: 18
[getMentors] Sending response
[Route] GET /mentors
[getMentors] Request received
[getMentors] Querying database with filter: { role: 'mentor', 'mentorProfile.verification.isVerified': true }
[getMentors] Found 18 mentors, total: 18
[getMentors] Sending response
